<?xml version="1.0" encoding="UTF-8"?>
<!-- Generated by org.testng.reporters.JUnitReportReporter -->
<testsuite hostname="DK" failures="0" tests="1" name="airPortGap.airPortTest" time="13.924" errors="0" timestamp="2024-11-06T17:42:46 IST" skipped="0">
  <testcase classname="airPortGap.airPortTest" name="airPortAPI" time="13.924"/>
  <system-out/>
</testsuite> <!-- airPortGap.airPortTest -->
